
> clinical-lens@0.1.0 dev:mastra /Users/karanbalaji/Documents/coding-projects/the-team
> mastra dev --env .env.local

◐ Preparing development environment...
✓ Initial bundle complete
◇ Starting Mastra dev server...

 mastra  1.3.7 ready in 1003 ms

│ Studio: http://localhost:4111
│ API:    http://localhost:4111/api

◯ watching for file changes...
◐ Bundling...
✓ Bundle complete
◐ [Mastra Dev] - Bundling finished, checking if restart is allowed...
◐ [Mastra Dev] - ✅ Restarting server...
↻ Restarting server...
◇ Starting Mastra dev server...

 mastra  1.3.7 ready in 1167 ms

│ Studio: http://localhost:4111
│ API:    http://localhost:4111/api

◯ watching for file changes...
◐ Bundling...
◐ Bundling...
✓ Bundle complete
◐ [Mastra Dev] - Bundling finished, checking if restart is allowed...
◐ [Mastra Dev] - ✅ Restarting server...
↻ Restarting server...
◇ Starting Mastra dev server...

 mastra  1.3.7 ready in 1540 ms

│ Studio: http://localhost:4111
│ API:    http://localhost:4111/api

◯ watching for file changes...
◐ Bundling...
✓ Bundle complete
◐ [Mastra Dev] - Bundling finished, checking if restart is allowed...
◐ [Mastra Dev] - ✅ Restarting server...
↻ Restarting server...
◇ Starting Mastra dev server...

 mastra  1.3.7 ready in 1109 ms

│ Studio: http://localhost:4111
│ API:    http://localhost:4111/api

◯ watching for file changes...
◐ Bundling...
✓ Bundle complete
◐ [Mastra Dev] - Bundling finished, checking if restart is allowed...
◐ [Mastra Dev] - ✅ Restarting server...
↻ Restarting server...
◇ Starting Mastra dev server...

 mastra  1.3.7 ready in 1297 ms

│ Studio: http://localhost:4111
│ API:    http://localhost:4111/api

◯ watching for file changes...
◐ Bundling...
✓ Bundle complete
◐ [Mastra Dev] - Bundling finished, checking if restart is allowed...
◐ [Mastra Dev] - ✅ Restarting server...
↻ Restarting server...
◇ Starting Mastra dev server...

 mastra  1.3.7 ready in 1165 ms

│ Studio: http://localhost:4111
│ API:    http://localhost:4111/api

◯ watching for file changes...
◐ Bundling...
✓ Bundle complete
◐ [Mastra Dev] - Bundling finished, checking if restart is allowed...
◐ [Mastra Dev] - ✅ Restarting server...
↻ Restarting server...
◇ Starting Mastra dev server...

 mastra  1.3.7 ready in 1090 ms

│ Studio: http://localhost:4111
│ API:    http://localhost:4111/api

◯ watching for file changes...
◐ Bundling...
✓ Bundle complete
◐ [Mastra Dev] - Bundling finished, checking if restart is allowed...
◐ [Mastra Dev] - ✅ Restarting server...
↻ Restarting server...
◇ Starting Mastra dev server...

 mastra  1.3.7 ready in 776 ms

│ Studio: http://localhost:4111
│ API:    http://localhost:4111/api

◯ watching for file changes...
◐ Bundling...
✓ Bundle complete
◐ [Mastra Dev] - Bundling finished, checking if restart is allowed...
◐ [Mastra Dev] - ✅ Restarting server...
↻ Restarting server...
◇ Starting Mastra dev server...

 mastra  1.3.7 ready in 769 ms

│ Studio: http://localhost:4111
│ API:    http://localhost:4111/api

◯ watching for file changes...
◐ Bundling...
✓ Bundle complete
◐ [Mastra Dev] - Bundling finished, checking if restart is allowed...
◐ [Mastra Dev] - ✅ Restarting server...
↻ Restarting server...
◇ Starting Mastra dev server...

 mastra  1.3.7 ready in 1055 ms

│ Studio: http://localhost:4111
│ API:    http://localhost:4111/api

◯ watching for file changes...
◐ Bundling...
✓ Bundle complete
◐ [Mastra Dev] - Bundling finished, checking if restart is allowed...
◐ [Mastra Dev] - ✅ Restarting server...
↻ Restarting server...
◇ Starting Mastra dev server...

 mastra  1.3.7 ready in 1319 ms

│ Studio: http://localhost:4111
│ API:    http://localhost:4111/api

◯ watching for file changes...
◐ Bundling...
✓ Bundle complete
◐ [Mastra Dev] - Bundling finished, checking if restart is allowed...
◐ [Mastra Dev] - ✅ Restarting server...
↻ Restarting server...
◇ Starting Mastra dev server...

 mastra  1.3.7 ready in 1187 ms

│ Studio: http://localhost:4111
│ API:    http://localhost:4111/api

◯ watching for file changes...
◐ Bundling...
✓ Bundle complete
◐ [Mastra Dev] - Bundling finished, checking if restart is allowed...
◐ [Mastra Dev] - ✅ Restarting server...
↻ Restarting server...
◇ Starting Mastra dev server...

 mastra  1.3.7 ready in 1298 ms

│ Studio: http://localhost:4111
│ API:    http://localhost:4111/api

◯ watching for file changes...
◐ Bundling...
✓ Bundle complete
◐ [Mastra Dev] - Bundling finished, checking if restart is allowed...
◐ [Mastra Dev] - ✅ Restarting server...
↻ Restarting server...
◇ Starting Mastra dev server...

 mastra  1.3.7 ready in 865 ms

│ Studio: http://localhost:4111
│ API:    http://localhost:4111/api

◯ watching for file changes...
◐ Bundling...
✓ Bundle complete
◐ [Mastra Dev] - Bundling finished, checking if restart is allowed...
◐ [Mastra Dev] - ✅ Restarting server...
↻ Restarting server...
◇ Starting Mastra dev server...

 mastra  1.3.7 ready in 780 ms

│ Studio: http://localhost:4111
│ API:    http://localhost:4111/api

◯ watching for file changes...
◐ Bundling...
✓ Bundle complete
◐ [Mastra Dev] - Bundling finished, checking if restart is allowed...
◐ [Mastra Dev] - ✅ Restarting server...
↻ Restarting server...
◇ Starting Mastra dev server...

 mastra  1.3.7 ready in 1227 ms

│ Studio: http://localhost:4111
│ API:    http://localhost:4111/api

◯ watching for file changes...
◐ Bundling...
✓ Bundle complete
◐ [Mastra Dev] - Bundling finished, checking if restart is allowed...
◐ [Mastra Dev] - ✅ Restarting server...
↻ Restarting server...
◇ Starting Mastra dev server...

 mastra  1.3.7 ready in 1167 ms

│ Studio: http://localhost:4111
│ API:    http://localhost:4111/api

◯ watching for file changes...
◐ Bundling...
✓ Bundle complete
◐ [Mastra Dev] - Bundling finished, checking if restart is allowed...
◐ [Mastra Dev] - ✅ Restarting server...
↻ Restarting server...
◇ Starting Mastra dev server...

 mastra  1.3.7 ready in 1173 ms

│ Studio: http://localhost:4111
│ API:    http://localhost:4111/api

◯ watching for file changes...
◐ Bundling...
✓ Bundle complete
◐ [Mastra Dev] - Bundling finished, checking if restart is allowed...
◐ [Mastra Dev] - ✅ Restarting server...
↻ Restarting server...
◇ Starting Mastra dev server...

 mastra  1.3.7 ready in 786 ms

│ Studio: http://localhost:4111
│ API:    http://localhost:4111/api

◯ watching for file changes...
◐ Bundling...
✓ Bundle complete
◐ [Mastra Dev] - Bundling finished, checking if restart is allowed...
◐ [Mastra Dev] - ✅ Restarting server...
↻ Restarting server...
◇ Starting Mastra dev server...

 mastra  1.3.7 ready in 1221 ms

│ Studio: http://localhost:4111
│ API:    http://localhost:4111/api

◯ watching for file changes...
◐ Bundling...
✓ Bundle complete
◐ [Mastra Dev] - Bundling finished, checking if restart is allowed...
◐ [Mastra Dev] - ✅ Restarting server...
↻ Restarting server...
◇ Starting Mastra dev server...

 mastra  1.3.7 ready in 1234 ms

│ Studio: http://localhost:4111
│ API:    http://localhost:4111/api

◯ watching for file changes...
◐ Bundling...
✓ Bundle complete
◐ [Mastra Dev] - Bundling finished, checking if restart is allowed...
◐ [Mastra Dev] - ✅ Restarting server...
↻ Restarting server...
◇ Starting Mastra dev server...

 mastra  1.3.7 ready in 1249 ms

│ Studio: http://localhost:4111
│ API:    http://localhost:4111/api

◯ watching for file changes...
◐ Bundling...
✓ Bundle complete
◐ [Mastra Dev] - Bundling finished, checking if restart is allowed...
◐ [Mastra Dev] - ✅ Restarting server...
↻ Restarting server...
◇ Starting Mastra dev server...

 mastra  1.3.7 ready in 1301 ms

│ Studio: http://localhost:4111
│ API:    http://localhost:4111/api

◯ watching for file changes...
◐ Bundling...
✓ Bundle complete
◐ [Mastra Dev] - Bundling finished, checking if restart is allowed...
◐ [Mastra Dev] - ✅ Restarting server...
↻ Restarting server...
◇ Starting Mastra dev server...

 mastra  1.3.7 ready in 1156 ms

│ Studio: http://localhost:4111
│ API:    http://localhost:4111/api

◯ watching for file changes...
◐ Bundling...
✓ Bundle complete
◐ [Mastra Dev] - Bundling finished, checking if restart is allowed...
◐ [Mastra Dev] - ✅ Restarting server...
↻ Restarting server...
◇ Starting Mastra dev server...

 mastra  1.3.7 ready in 1106 ms

│ Studio: http://localhost:4111
│ API:    http://localhost:4111/api

◯ watching for file changes...
◐ Bundling...
✓ Bundle complete
◐ [Mastra Dev] - Bundling finished, checking if restart is allowed...
◐ [Mastra Dev] - ✅ Restarting server...
↻ Restarting server...
◇ Starting Mastra dev server...

 mastra  1.3.7 ready in 1055 ms

│ Studio: http://localhost:4111
│ API:    http://localhost:4111/api

◯ watching for file changes...
◐ Bundling...
✓ Bundle complete
◐ [Mastra Dev] - Bundling finished, checking if restart is allowed...
◐ [Mastra Dev] - ✅ Restarting server...
↻ Restarting server...
◇ Starting Mastra dev server...

 mastra  1.3.7 ready in 1223 ms

│ Studio: http://localhost:4111
│ API:    http://localhost:4111/api

◯ watching for file changes...
◐ Bundling...
✓ Bundle complete
◐ [Mastra Dev] - Bundling finished, checking if restart is allowed...
◐ [Mastra Dev] - ✅ Restarting server...
↻ Restarting server...
◇ Starting Mastra dev server...

 mastra  1.3.7 ready in 1123 ms

│ Studio: http://localhost:4111
│ API:    http://localhost:4111/api

◯ watching for file changes...
◐ Bundling...
✓ Bundle complete
◐ [Mastra Dev] - Bundling finished, checking if restart is allowed...
◐ [Mastra Dev] - ✅ Restarting server...
↻ Restarting server...
◇ Starting Mastra dev server...

 mastra  1.3.7 ready in 1121 ms

│ Studio: http://localhost:4111
│ API:    http://localhost:4111/api

◯ watching for file changes...
◐ Bundling...
✓ Bundle complete
◐ [Mastra Dev] - Bundling finished, checking if restart is allowed...
◐ [Mastra Dev] - ✅ Restarting server...
↻ Restarting server...
◇ Starting Mastra dev server...

 mastra  1.3.7 ready in 1268 ms

│ Studio: http://localhost:4111
│ API:    http://localhost:4111/api

◯ watching for file changes...
◐ Bundling...
✓ Bundle complete
◐ [Mastra Dev] - Bundling finished, checking if restart is allowed...
◐ [Mastra Dev] - ✅ Restarting server...
↻ Restarting server...
◇ Starting Mastra dev server...

 mastra  1.3.7 ready in 1020 ms

│ Studio: http://localhost:4111
│ API:    http://localhost:4111/api

◯ watching for file changes...
◐ Bundling...
✓ Bundle complete
◐ [Mastra Dev] - Bundling finished, checking if restart is allowed...
◐ [Mastra Dev] - ✅ Restarting server...
↻ Restarting server...
◇ Starting Mastra dev server...

 mastra  1.3.7 ready in 1296 ms

│ Studio: http://localhost:4111
│ API:    http://localhost:4111/api

◯ watching for file changes...
◐ Bundling...
✓ Bundle complete
◐ [Mastra Dev] - Bundling finished, checking if restart is allowed...
◐ [Mastra Dev] - ✅ Restarting server...
↻ Restarting server...
◇ Starting Mastra dev server...

 mastra  1.3.7 ready in 1219 ms

│ Studio: http://localhost:4111
│ API:    http://localhost:4111/api

◯ watching for file changes...
◐ Bundling...
✓ Bundle complete
◐ [Mastra Dev] - Bundling finished, checking if restart is allowed...
◐ [Mastra Dev] - ✅ Restarting server...
↻ Restarting server...
◇ Starting Mastra dev server...

 mastra  1.3.7 ready in 1108 ms

│ Studio: http://localhost:4111
│ API:    http://localhost:4111/api

◯ watching for file changes...
◐ Bundling...
✓ Bundle complete
◐ [Mastra Dev] - Bundling finished, checking if restart is allowed...
◐ [Mastra Dev] - ✅ Restarting server...
↻ Restarting server...
◇ Starting Mastra dev server...

 mastra  1.3.7 ready in 1221 ms

│ Studio: http://localhost:4111
│ API:    http://localhost:4111/api

◯ watching for file changes...
◐ Bundling...
✓ Bundle complete
◐ [Mastra Dev] - Bundling finished, checking if restart is allowed...
◐ [Mastra Dev] - ✅ Restarting server...
↻ Restarting server...
◇ Starting Mastra dev server...

 mastra  1.3.7 ready in 1169 ms

│ Studio: http://localhost:4111
│ API:    http://localhost:4111/api

◯ watching for file changes...
◐ Bundling...
✓ Bundle complete
◐ [Mastra Dev] - Bundling finished, checking if restart is allowed...
◐ [Mastra Dev] - ✅ Restarting server...
↻ Restarting server...
◇ Starting Mastra dev server...

 mastra  1.3.7 ready in 1100 ms

│ Studio: http://localhost:4111
│ API:    http://localhost:4111/api

◯ watching for file changes...
◐ Bundling...
✓ Bundle complete
◐ [Mastra Dev] - Bundling finished, checking if restart is allowed...
◐ [Mastra Dev] - ✅ Restarting server...
↻ Restarting server...
◇ Starting Mastra dev server...

 mastra  1.3.7 ready in 1311 ms

│ Studio: http://localhost:4111
│ API:    http://localhost:4111/api

◯ watching for file changes...
◐ Bundling...
✓ Bundle complete
◐ [Mastra Dev] - Bundling finished, checking if restart is allowed...
◐ [Mastra Dev] - ✅ Restarting server...
↻ Restarting server...
◇ Starting Mastra dev server...

 mastra  1.3.7 ready in 1256 ms

│ Studio: http://localhost:4111
│ API:    http://localhost:4111/api

◯ watching for file changes...
◐ Bundling...
✓ Bundle complete
◐ [Mastra Dev] - Bundling finished, checking if restart is allowed...
◐ [Mastra Dev] - ✅ Restarting server...
↻ Restarting server...
◇ Starting Mastra dev server...

 mastra  1.3.7 ready in 1168 ms

│ Studio: http://localhost:4111
│ API:    http://localhost:4111/api

◯ watching for file changes...
◐ Bundling...
✓ Bundle complete
◐ [Mastra Dev] - Bundling finished, checking if restart is allowed...
◐ [Mastra Dev] - ✅ Restarting server...
↻ Restarting server...
◇ Starting Mastra dev server...

 mastra  1.3.7 ready in 1097 ms

│ Studio: http://localhost:4111
│ API:    http://localhost:4111/api

◯ watching for file changes...
◐ Bundling...
✓ Bundle complete
◐ [Mastra Dev] - Bundling finished, checking if restart is allowed...
◐ [Mastra Dev] - ✅ Restarting server...
↻ Restarting server...
◇ Starting Mastra dev server...

 mastra  1.3.7 ready in 771 ms

│ Studio: http://localhost:4111
│ API:    http://localhost:4111/api

◯ watching for file changes...
◐ Bundling...
✓ Bundle complete
◐ [Mastra Dev] - Bundling finished, checking if restart is allowed...
◐ [Mastra Dev] - ✅ Restarting server...
↻ Restarting server...
◇ Starting Mastra dev server...

 mastra  1.3.7 ready in 764 ms

│ Studio: http://localhost:4111
│ API:    http://localhost:4111/api

◯ watching for file changes...
◐ Bundling...
✓ Bundle complete
◐ [Mastra Dev] - Bundling finished, checking if restart is allowed...
◐ [Mastra Dev] - ✅ Restarting server...
↻ Restarting server...
◇ Starting Mastra dev server...

 mastra  1.3.7 ready in 1318 ms

│ Studio: http://localhost:4111
│ API:    http://localhost:4111/api

◯ watching for file changes...
◐ Bundling...
✓ Bundle complete
◐ [Mastra Dev] - Bundling finished, checking if restart is allowed...
◐ [Mastra Dev] - ✅ Restarting server...
↻ Restarting server...
◇ Starting Mastra dev server...

 mastra  1.3.7 ready in 1006 ms

│ Studio: http://localhost:4111
│ API:    http://localhost:4111/api

◯ watching for file changes...
◐ Bundling...
✓ Bundle complete
◐ [Mastra Dev] - Bundling finished, checking if restart is allowed...
◐ [Mastra Dev] - ✅ Restarting server...
↻ Restarting server...
◇ Starting Mastra dev server...

 mastra  1.3.7 ready in 1021 ms

│ Studio: http://localhost:4111
│ API:    http://localhost:4111/api

◯ watching for file changes...
◐ Bundling...
◐ Bundling...
◐ Bundling...
✓ Bundle complete
◐ [Mastra Dev] - Bundling finished, checking if restart is allowed...
◐ [Mastra Dev] - ✅ Restarting server...
↻ Restarting server...
◇ Starting Mastra dev server...

 mastra  1.3.7 ready in 1379 ms

│ Studio: http://localhost:4111
│ API:    http://localhost:4111/api

◯ watching for file changes...
◐ Bundling...
✓ Bundle complete
◐ [Mastra Dev] - Bundling finished, checking if restart is allowed...
◐ [Mastra Dev] - ✅ Restarting server...
↻ Restarting server...
◇ Starting Mastra dev server...

 mastra  1.3.7 ready in 1396 ms

│ Studio: http://localhost:4111
│ API:    http://localhost:4111/api

◯ watching for file changes...
◐ Bundling...
✓ Bundle complete
◐ [Mastra Dev] - Bundling finished, checking if restart is allowed...
◐ [Mastra Dev] - ✅ Restarting server...
↻ Restarting server...
◇ Starting Mastra dev server...

 mastra  1.3.7 ready in 1355 ms

│ Studio: http://localhost:4111
│ API:    http://localhost:4111/api

◯ watching for file changes...
◐ Bundling...
✓ Bundle complete
◐ [Mastra Dev] - Bundling finished, checking if restart is allowed...
◐ [Mastra Dev] - ✅ Restarting server...
↻ Restarting server...
◇ Starting Mastra dev server...

 mastra  1.3.7 ready in 1108 ms

│ Studio: http://localhost:4111
│ API:    http://localhost:4111/api

◯ watching for file changes...
◐ Bundling...
✓ Bundle complete
◐ [Mastra Dev] - Bundling finished, checking if restart is allowed...
◐ [Mastra Dev] - ✅ Restarting server...
↻ Restarting server...
◇ Starting Mastra dev server...

 mastra  1.3.7 ready in 1355 ms

│ Studio: http://localhost:4111
│ API:    http://localhost:4111/api

◯ watching for file changes...
◐ Bundling...
✓ Bundle complete
◐ [Mastra Dev] - Bundling finished, checking if restart is allowed...
◐ [Mastra Dev] - ✅ Restarting server...
↻ Restarting server...
◇ Starting Mastra dev server...

 mastra  1.3.7 ready in 1140 ms

│ Studio: http://localhost:4111
│ API:    http://localhost:4111/api

◯ watching for file changes...
◐ Bundling...
✓ Bundle complete
◐ [Mastra Dev] - Bundling finished, checking if restart is allowed...
◐ [Mastra Dev] - ✅ Restarting server...
↻ Restarting server...
◇ Starting Mastra dev server...

 mastra  1.3.7 ready in 1282 ms

│ Studio: http://localhost:4111
│ API:    http://localhost:4111/api

◯ watching for file changes...
◐ Bundling...
✓ Bundle complete
◐ [Mastra Dev] - Bundling finished, checking if restart is allowed...
◐ [Mastra Dev] - ✅ Restarting server...
↻ Restarting server...
◇ Starting Mastra dev server...

 mastra  1.3.7 ready in 1003 ms

│ Studio: http://localhost:4111
│ API:    http://localhost:4111/api

◯ watching for file changes...
◐ Bundling...
✓ Bundle complete
◐ [Mastra Dev] - Bundling finished, checking if restart is allowed...
◐ [Mastra Dev] - ✅ Restarting server...
↻ Restarting server...
◇ Starting Mastra dev server...

 mastra  1.3.7 ready in 755 ms

│ Studio: http://localhost:4111
│ API:    http://localhost:4111/api

◯ watching for file changes...
◐ Bundling...
✓ Bundle complete
◐ [Mastra Dev] - Bundling finished, checking if restart is allowed...
◐ [Mastra Dev] - ✅ Restarting server...
↻ Restarting server...
◇ Starting Mastra dev server...

 mastra  1.3.7 ready in 969 ms

│ Studio: http://localhost:4111
│ API:    http://localhost:4111/api

◯ watching for file changes...
◐ Bundling...
✓ Bundle complete
◐ [Mastra Dev] - Bundling finished, checking if restart is allowed...
◐ [Mastra Dev] - ✅ Restarting server...
↻ Restarting server...
◇ Starting Mastra dev server...

 mastra  1.3.7 ready in 969 ms

│ Studio: http://localhost:4111
│ API:    http://localhost:4111/api

◯ watching for file changes...
◐ Bundling...
✓ Bundle complete
◐ [Mastra Dev] - Bundling finished, checking if restart is allowed...
◐ [Mastra Dev] - ✅ Restarting server...
↻ Restarting server...
◇ Starting Mastra dev server...

 mastra  1.3.7 ready in 871 ms

│ Studio: http://localhost:4111
│ API:    http://localhost:4111/api

◯ watching for file changes...
◐ Bundling...
✓ Bundle complete
◐ [Mastra Dev] - Bundling finished, checking if restart is allowed...
◐ [Mastra Dev] - ✅ Restarting server...
↻ Restarting server...
◇ Starting Mastra dev server...

 mastra  1.3.7 ready in 1328 ms

│ Studio: http://localhost:4111
│ API:    http://localhost:4111/api

◯ watching for file changes...
◐ Bundling...
✓ Bundle complete
◐ [Mastra Dev] - Bundling finished, checking if restart is allowed...
◐ [Mastra Dev] - ✅ Restarting server...
↻ Restarting server...
◇ Starting Mastra dev server...

 mastra  1.3.7 ready in 1074 ms

│ Studio: http://localhost:4111
│ API:    http://localhost:4111/api

◯ watching for file changes...
◐ Bundling...
✓ Bundle complete
◐ [Mastra Dev] - Bundling finished, checking if restart is allowed...
◐ [Mastra Dev] - ✅ Restarting server...
↻ Restarting server...
◇ Starting Mastra dev server...

 mastra  1.3.7 ready in 1314 ms

│ Studio: http://localhost:4111
│ API:    http://localhost:4111/api

◯ watching for file changes...
