[    1351ms] [WARNING] Clerk: Clerk has been loaded with development keys. Development instances have strict usage limits and should not be used when deploying your application to production. Learn more: https://clerk.com/docs/deployments/overview @ http://localhost:3000/_next/static/chunks/189f2_next_dist_5c5e791c._.js:2297
[    1688ms] Error: Hydration failed because the server rendered HTML didn't match the client. As a result this tree will be regenerated on the client. This can happen if a SSR-ed Client Component used:

- A server/client branch `if (typeof window !== 'undefined')`.
- Variable input such as `Date.now()` or `Math.random()` which changes each time it's called.
- Date formatting in a user's locale which doesn't match the server.
- External changing data without sending a snapshot of it along with the HTML.
- Invalid HTML tag nesting.

It can also happen if the client has a browser extension installed which messes with the HTML before React loaded.

https://react.dev/link/hydration-mismatch

  ...
    <SidebarProvider>
      <div className="flex h-scr...">
        <GlobalHeader>
          <TooltipProvider delayDuration={300}>
            <TooltipProvider data-slot="tooltip-pr..." delayDuration={300}>
              <TooltipProviderProvider scope={undefined} isOpenDelayedRef={{current:true}} delayDuration={300} ...>
                <header className="h-14 borde...">
                  <div>
                  <div className="flex items...">
                    <div>
                    <div>
                    <div className="ml-auto fl...">
                      <button>
                      <button>
                      <div>
                      <ThemeSwitcher>
                      <div>
                      <withClerk(UserButton) appearance={{elements:{...}}}>
                        <UserButton getContainer={function} appearance={{elements:{...}}} component="UserButton" ...>
                          <ClerkHostRenderer component="UserButton" mount={function} unmount={function} ...>
+                           <div ref={{current:null}} data-clerk-component="UserButton">
                            ...
        ...

    at throwOnHydrationMismatch (http://localhost:3000/_next/static/chunks/189f2_next_dist_compiled_react-dom_72e9ff7c._.js:3348:56)
    at beginWork (http://localhost:3000/_next/static/chunks/189f2_next_dist_compiled_react-dom_72e9ff7c._.js:6775:918)
    at runWithFiberInDEV (http://localhost:3000/_next/static/chunks/189f2_next_dist_compiled_react-dom_72e9ff7c._.js:965:74)
    at performUnitOfWork (http://localhost:3000/_next/static/chunks/189f2_next_dist_compiled_react-dom_72e9ff7c._.js:9562:97)
    at workLoopConcurrentByScheduler (http://localhost:3000/_next/static/chunks/189f2_next_dist_compiled_react-dom_72e9ff7c._.js:9558:58)
    at renderRootConcurrent (http://localhost:3000/_next/static/chunks/189f2_next_dist_compiled_react-dom_72e9ff7c._.js:9541:71)
    at performWorkOnRoot (http://localhost:3000/_next/static/chunks/189f2_next_dist_compiled_react-dom_72e9ff7c._.js:9068:150)
    at performWorkOnRootViaSchedulerTask (http://localhost:3000/_next/static/chunks/189f2_next_dist_compiled_react-dom_72e9ff7c._.js:10230:9)
    at MessagePort.performWorkUntilDeadline (http://localhost:3000/_next/static/chunks/189f2_next_dist_compiled_c32c4d46._.js:2647:64)
[    1796ms] [WARNING] Lit is in dev mode. Not recommended for production! See https://lit.dev/msg/dev-mode for more information. @ http://localhost:3000/_next/static/chunks/189f2_next_dist_5c5e791c._.js:2297
[    5148ms] [WARNING] The resource https://able-mammal-66.clerk.accounts.dev/npm/@clerk/ui@1/dist/ui.browser.js was preloaded using link preload but not used within a few seconds from the window's load event. Please make sure it has an appropriate `as` value and it is preloaded intentionally. @ http://localhost:3000/dashboard:0
[   16246ms] [WARNING] The resource https://able-mammal-66.clerk.accounts.dev/npm/@clerk/ui@1/dist/ui.browser.js was preloaded using link preload but not used within a few seconds from the window's load event. Please make sure it has an appropriate `as` value and it is preloaded intentionally. @ http://localhost:3000/records:0
[   48122ms] [WARNING] The resource https://able-mammal-66.clerk.accounts.dev/npm/@clerk/ui@1/dist/ui.browser.js was preloaded using link preload but not used within a few seconds from the window's load event. Please make sure it has an appropriate `as` value and it is preloaded intentionally. @ http://localhost:3000/records:0
[   59769ms] [WARNING] The resource https://able-mammal-66.clerk.accounts.dev/npm/@clerk/ui@1/dist/ui.browser.js was preloaded using link preload but not used within a few seconds from the window's load event. Please make sure it has an appropriate `as` value and it is preloaded intentionally. @ http://localhost:3000/records:0
[   91403ms] [WARNING] The resource https://able-mammal-66.clerk.accounts.dev/npm/@clerk/ui@1/dist/ui.browser.js was preloaded using link preload but not used within a few seconds from the window's load event. Please make sure it has an appropriate `as` value and it is preloaded intentionally. @ http://localhost:3000/records:0
[  135746ms] [WARNING] The resource https://able-mammal-66.clerk.accounts.dev/npm/@clerk/ui@1/dist/ui.browser.js was preloaded using link preload but not used within a few seconds from the window's load event. Please make sure it has an appropriate `as` value and it is preloaded intentionally. @ http://localhost:3000/records:0
[  139665ms] [WARNING] The resource https://able-mammal-66.clerk.accounts.dev/npm/@clerk/ui@1/dist/ui.browser.js was preloaded using link preload but not used within a few seconds from the window's load event. Please make sure it has an appropriate `as` value and it is preloaded intentionally. @ http://localhost:3000/records:0
[  179148ms] [WARNING] The resource https://able-mammal-66.clerk.accounts.dev/npm/@clerk/ui@1/dist/ui.browser.js was preloaded using link preload but not used within a few seconds from the window's load event. Please make sure it has an appropriate `as` value and it is preloaded intentionally. @ http://localhost:3000/records:0
[  223605ms] [WARNING] The resource https://able-mammal-66.clerk.accounts.dev/npm/@clerk/ui@1/dist/ui.browser.js was preloaded using link preload but not used within a few seconds from the window's load event. Please make sure it has an appropriate `as` value and it is preloaded intentionally. @ http://localhost:3000/records:0
[  268045ms] [WARNING] The resource https://able-mammal-66.clerk.accounts.dev/npm/@clerk/ui@1/dist/ui.browser.js was preloaded using link preload but not used within a few seconds from the window's load event. Please make sure it has an appropriate `as` value and it is preloaded intentionally. @ http://localhost:3000/records:0
