[  -62606ms] [WARNING] Agent clinicalCopilotAgent not found @ http://localhost:3000/_next/static/chunks/189f2_next_dist_5c5e791c._.js:2297
[  -62605ms] [WARNING] Agent clinicalCopilotAgent not found @ http://localhost:3000/_next/static/chunks/189f2_next_dist_5c5e791c._.js:2297
[  -62605ms] [WARNING] Agent clinicalCopilotAgent not found @ http://localhost:3000/_next/static/chunks/189f2_next_dist_5c5e791c._.js:2297
[  -62604ms] [WARNING] Agent clinicalCopilotAgent not found @ http://localhost:3000/_next/static/chunks/189f2_next_dist_5c5e791c._.js:2297
[  -62604ms] [WARNING] Agent clinicalCopilotAgent not found @ http://localhost:3000/_next/static/chunks/189f2_next_dist_5c5e791c._.js:2297
[  -62604ms] [WARNING] Agent clinicalCopilotAgent not found @ http://localhost:3000/_next/static/chunks/189f2_next_dist_5c5e791c._.js:2297
[  -62597ms] [WARNING] Agent clinicalCopilotAgent not found @ http://localhost:3000/_next/static/chunks/189f2_next_dist_5c5e791c._.js:2297
[  -62597ms] [WARNING] Agent clinicalCopilotAgent not found @ http://localhost:3000/_next/static/chunks/189f2_next_dist_5c5e791c._.js:2297
[  -62597ms] [WARNING] Agent clinicalCopilotAgent not found @ http://localhost:3000/_next/static/chunks/189f2_next_dist_5c5e791c._.js:2297
[  -62582ms] [WARNING] Agent clinicalCopilotAgent not found @ http://localhost:3000/_next/static/chunks/189f2_next_dist_5c5e791c._.js:2297
[  -62582ms] [WARNING] Agent clinicalCopilotAgent not found @ http://localhost:3000/_next/static/chunks/189f2_next_dist_5c5e791c._.js:2297
[  -62581ms] [WARNING] Agent clinicalCopilotAgent not found @ http://localhost:3000/_next/static/chunks/189f2_next_dist_5c5e791c._.js:2297
[  -62581ms] [WARNING] Agent clinicalCopilotAgent not found @ http://localhost:3000/_next/static/chunks/189f2_next_dist_5c5e791c._.js:2297
[  -62581ms] [WARNING] Agent clinicalCopilotAgent not found @ http://localhost:3000/_next/static/chunks/189f2_next_dist_5c5e791c._.js:2297
[  -62581ms] [WARNING] Agent clinicalCopilotAgent not found @ http://localhost:3000/_next/static/chunks/189f2_next_dist_5c5e791c._.js:2297
[  -62579ms] [WARNING] Agent clinicalCopilotAgent not found @ http://localhost:3000/_next/static/chunks/189f2_next_dist_5c5e791c._.js:2297
[  -62579ms] [WARNING] Agent clinicalCopilotAgent not found @ http://localhost:3000/_next/static/chunks/189f2_next_dist_5c5e791c._.js:2297
[  -62579ms] [WARNING] Agent clinicalCopilotAgent not found @ http://localhost:3000/_next/static/chunks/189f2_next_dist_5c5e791c._.js:2297
[  -62485ms] [WARNING] Agent clinicalCopilotAgent not found @ http://localhost:3000/_next/static/chunks/189f2_next_dist_5c5e791c._.js:2297
[  -62485ms] [WARNING] Agent clinicalCopilotAgent not found @ http://localhost:3000/_next/static/chunks/189f2_next_dist_5c5e791c._.js:2297
[  -62485ms] [WARNING] Agent clinicalCopilotAgent not found @ http://localhost:3000/_next/static/chunks/189f2_next_dist_5c5e791c._.js:2297
[  -62485ms] [WARNING] Agent clinicalCopilotAgent not found @ http://localhost:3000/_next/static/chunks/189f2_next_dist_5c5e791c._.js:2297
[  -62484ms] [WARNING] Agent clinicalCopilotAgent not found @ http://localhost:3000/_next/static/chunks/189f2_next_dist_5c5e791c._.js:2297
[  -62484ms] [WARNING] Agent clinicalCopilotAgent not found @ http://localhost:3000/_next/static/chunks/189f2_next_dist_5c5e791c._.js:2297
[  -62480ms] [WARNING] Agent clinicalCopilotAgent not found @ http://localhost:3000/_next/static/chunks/189f2_next_dist_5c5e791c._.js:2297
[  -62480ms] [WARNING] Agent clinicalCopilotAgent not found @ http://localhost:3000/_next/static/chunks/189f2_next_dist_5c5e791c._.js:2297
[  -62480ms] [WARNING] Agent clinicalCopilotAgent not found @ http://localhost:3000/_next/static/chunks/189f2_next_dist_5c5e791c._.js:2297
[  -47568ms] [WARNING] Agent clinicalCopilotAgent not found @ http://localhost:3000/_next/static/chunks/189f2_next_dist_5c5e791c._.js:2297
[  -47568ms] [WARNING] Agent clinicalCopilotAgent not found @ http://localhost:3000/_next/static/chunks/189f2_next_dist_5c5e791c._.js:2297
[  -47567ms] [WARNING] Agent clinicalCopilotAgent not found @ http://localhost:3000/_next/static/chunks/189f2_next_dist_5c5e791c._.js:2297
[  -47438ms] [WARNING] Agent clinicalCopilotAgent not found @ http://localhost:3000/_next/static/chunks/189f2_next_dist_5c5e791c._.js:2297
[  -47438ms] [WARNING] Agent clinicalCopilotAgent not found @ http://localhost:3000/_next/static/chunks/189f2_next_dist_5c5e791c._.js:2297
[  -47437ms] [WARNING] Agent clinicalCopilotAgent not found @ http://localhost:3000/_next/static/chunks/189f2_next_dist_5c5e791c._.js:2297
[  -47274ms] [WARNING] Agent clinicalCopilotAgent not found @ http://localhost:3000/_next/static/chunks/189f2_next_dist_5c5e791c._.js:2297
[  -47274ms] [WARNING] Agent clinicalCopilotAgent not found @ http://localhost:3000/_next/static/chunks/189f2_next_dist_5c5e791c._.js:2297
[  -47274ms] [WARNING] Agent clinicalCopilotAgent not found @ http://localhost:3000/_next/static/chunks/189f2_next_dist_5c5e791c._.js:2297
[  -46883ms] [WARNING] Agent clinicalCopilotAgent not found @ http://localhost:3000/_next/static/chunks/189f2_next_dist_5c5e791c._.js:2297
[  -46883ms] [WARNING] Agent clinicalCopilotAgent not found @ http://localhost:3000/_next/static/chunks/189f2_next_dist_5c5e791c._.js:2297
[  -46883ms] [WARNING] Agent clinicalCopilotAgent not found @ http://localhost:3000/_next/static/chunks/189f2_next_dist_5c5e791c._.js:2297
[  -46316ms] [WARNING] Agent clinicalCopilotAgent not found @ http://localhost:3000/_next/static/chunks/189f2_next_dist_5c5e791c._.js:2297
[  -46316ms] [WARNING] Agent clinicalCopilotAgent not found @ http://localhost:3000/_next/static/chunks/189f2_next_dist_5c5e791c._.js:2297
[  -46315ms] [WARNING] Agent clinicalCopilotAgent not found @ http://localhost:3000/_next/static/chunks/189f2_next_dist_5c5e791c._.js:2297
[  -45534ms] [WARNING] Agent clinicalCopilotAgent not found @ http://localhost:3000/_next/static/chunks/189f2_next_dist_5c5e791c._.js:2297
[  -45534ms] [WARNING] Agent clinicalCopilotAgent not found @ http://localhost:3000/_next/static/chunks/189f2_next_dist_5c5e791c._.js:2297
[  -45533ms] [WARNING] Agent clinicalCopilotAgent not found @ http://localhost:3000/_next/static/chunks/189f2_next_dist_5c5e791c._.js:2297
[  -44942ms] [WARNING] Agent clinicalCopilotAgent not found @ http://localhost:3000/_next/static/chunks/189f2_next_dist_5c5e791c._.js:2297
[  -44942ms] [WARNING] Agent clinicalCopilotAgent not found @ http://localhost:3000/_next/static/chunks/189f2_next_dist_5c5e791c._.js:2297
[  -44941ms] [WARNING] Agent clinicalCopilotAgent not found @ http://localhost:3000/_next/static/chunks/189f2_next_dist_5c5e791c._.js:2297
[  -44733ms] [WARNING] Agent clinicalCopilotAgent not found @ http://localhost:3000/_next/static/chunks/189f2_next_dist_5c5e791c._.js:2297
[  -44733ms] [WARNING] Agent clinicalCopilotAgent not found @ http://localhost:3000/_next/static/chunks/189f2_next_dist_5c5e791c._.js:2297
[  -44733ms] [WARNING] Agent clinicalCopilotAgent not found @ http://localhost:3000/_next/static/chunks/189f2_next_dist_5c5e791c._.js:2297
[  -44445ms] [WARNING] Agent clinicalCopilotAgent not found @ http://localhost:3000/_next/static/chunks/189f2_next_dist_5c5e791c._.js:2297
[  -44445ms] [WARNING] Agent clinicalCopilotAgent not found @ http://localhost:3000/_next/static/chunks/189f2_next_dist_5c5e791c._.js:2297
[  -44444ms] [WARNING] Agent clinicalCopilotAgent not found @ http://localhost:3000/_next/static/chunks/189f2_next_dist_5c5e791c._.js:2297
[  -44342ms] [WARNING] Agent clinicalCopilotAgent not found @ http://localhost:3000/_next/static/chunks/189f2_next_dist_5c5e791c._.js:2297
[  -44341ms] [WARNING] Agent clinicalCopilotAgent not found @ http://localhost:3000/_next/static/chunks/189f2_next_dist_5c5e791c._.js:2297
[  -44341ms] [WARNING] Agent clinicalCopilotAgent not found @ http://localhost:3000/_next/static/chunks/189f2_next_dist_5c5e791c._.js:2297
[  -44275ms] [WARNING] Agent clinicalCopilotAgent not found @ http://localhost:3000/_next/static/chunks/189f2_next_dist_5c5e791c._.js:2297
[  -44274ms] [WARNING] Agent clinicalCopilotAgent not found @ http://localhost:3000/_next/static/chunks/189f2_next_dist_5c5e791c._.js:2297
[  -44274ms] [WARNING] Agent clinicalCopilotAgent not found @ http://localhost:3000/_next/static/chunks/189f2_next_dist_5c5e791c._.js:2297
[  -44075ms] [WARNING] Agent clinicalCopilotAgent not found @ http://localhost:3000/_next/static/chunks/189f2_next_dist_5c5e791c._.js:2297
[  -44075ms] [WARNING] Agent clinicalCopilotAgent not found @ http://localhost:3000/_next/static/chunks/189f2_next_dist_5c5e791c._.js:2297
[  -44075ms] [WARNING] Agent clinicalCopilotAgent not found @ http://localhost:3000/_next/static/chunks/189f2_next_dist_5c5e791c._.js:2297
[  -43880ms] [WARNING] Agent clinicalCopilotAgent not found @ http://localhost:3000/_next/static/chunks/189f2_next_dist_5c5e791c._.js:2297
[  -43880ms] [WARNING] Agent clinicalCopilotAgent not found @ http://localhost:3000/_next/static/chunks/189f2_next_dist_5c5e791c._.js:2297
[  -43879ms] [WARNING] Agent clinicalCopilotAgent not found @ http://localhost:3000/_next/static/chunks/189f2_next_dist_5c5e791c._.js:2297
[  -43815ms] [WARNING] Agent clinicalCopilotAgent not found @ http://localhost:3000/_next/static/chunks/189f2_next_dist_5c5e791c._.js:2297
[  -43814ms] [WARNING] Agent clinicalCopilotAgent not found @ http://localhost:3000/_next/static/chunks/189f2_next_dist_5c5e791c._.js:2297
[  -43814ms] [WARNING] Agent clinicalCopilotAgent not found @ http://localhost:3000/_next/static/chunks/189f2_next_dist_5c5e791c._.js:2297
[  -43351ms] [WARNING] Agent clinicalCopilotAgent not found @ http://localhost:3000/_next/static/chunks/189f2_next_dist_5c5e791c._.js:2297
[  -43351ms] [WARNING] Agent clinicalCopilotAgent not found @ http://localhost:3000/_next/static/chunks/189f2_next_dist_5c5e791c._.js:2297
[  -43351ms] [WARNING] Agent clinicalCopilotAgent not found @ http://localhost:3000/_next/static/chunks/189f2_next_dist_5c5e791c._.js:2297
[  -43091ms] [WARNING] Agent clinicalCopilotAgent not found @ http://localhost:3000/_next/static/chunks/189f2_next_dist_5c5e791c._.js:2297
[  -43091ms] [WARNING] Agent clinicalCopilotAgent not found @ http://localhost:3000/_next/static/chunks/189f2_next_dist_5c5e791c._.js:2297
[  -43091ms] [WARNING] Agent clinicalCopilotAgent not found @ http://localhost:3000/_next/static/chunks/189f2_next_dist_5c5e791c._.js:2297
[  -42806ms] [WARNING] Agent clinicalCopilotAgent not found @ http://localhost:3000/_next/static/chunks/189f2_next_dist_5c5e791c._.js:2297
[  -42806ms] [WARNING] Agent clinicalCopilotAgent not found @ http://localhost:3000/_next/static/chunks/189f2_next_dist_5c5e791c._.js:2297
[  -42806ms] [WARNING] Agent clinicalCopilotAgent not found @ http://localhost:3000/_next/static/chunks/189f2_next_dist_5c5e791c._.js:2297
[  -42598ms] [WARNING] Agent clinicalCopilotAgent not found @ http://localhost:3000/_next/static/chunks/189f2_next_dist_5c5e791c._.js:2297
[  -42598ms] [WARNING] Agent clinicalCopilotAgent not found @ http://localhost:3000/_next/static/chunks/189f2_next_dist_5c5e791c._.js:2297
[  -42597ms] [WARNING] Agent clinicalCopilotAgent not found @ http://localhost:3000/_next/static/chunks/189f2_next_dist_5c5e791c._.js:2297
[  -42460ms] [WARNING] Agent clinicalCopilotAgent not found @ http://localhost:3000/_next/static/chunks/189f2_next_dist_5c5e791c._.js:2297
[  -42460ms] [WARNING] Agent clinicalCopilotAgent not found @ http://localhost:3000/_next/static/chunks/189f2_next_dist_5c5e791c._.js:2297
[  -42460ms] [WARNING] Agent clinicalCopilotAgent not found @ http://localhost:3000/_next/static/chunks/189f2_next_dist_5c5e791c._.js:2297
[  -42054ms] [WARNING] Agent clinicalCopilotAgent not found @ http://localhost:3000/_next/static/chunks/189f2_next_dist_5c5e791c._.js:2297
[  -42054ms] [WARNING] Agent clinicalCopilotAgent not found @ http://localhost:3000/_next/static/chunks/189f2_next_dist_5c5e791c._.js:2297
[  -42054ms] [WARNING] Agent clinicalCopilotAgent not found @ http://localhost:3000/_next/static/chunks/189f2_next_dist_5c5e791c._.js:2297
[  -41990ms] [WARNING] Agent clinicalCopilotAgent not found @ http://localhost:3000/_next/static/chunks/189f2_next_dist_5c5e791c._.js:2297
[  -41990ms] [WARNING] Agent clinicalCopilotAgent not found @ http://localhost:3000/_next/static/chunks/189f2_next_dist_5c5e791c._.js:2297
[  -41989ms] [WARNING] Agent clinicalCopilotAgent not found @ http://localhost:3000/_next/static/chunks/189f2_next_dist_5c5e791c._.js:2297
[  -41842ms] [WARNING] Agent clinicalCopilotAgent not found @ http://localhost:3000/_next/static/chunks/189f2_next_dist_5c5e791c._.js:2297
[  -41842ms] [WARNING] Agent clinicalCopilotAgent not found @ http://localhost:3000/_next/static/chunks/189f2_next_dist_5c5e791c._.js:2297
[  -41842ms] [WARNING] Agent clinicalCopilotAgent not found @ http://localhost:3000/_next/static/chunks/189f2_next_dist_5c5e791c._.js:2297
[  -41465ms] [WARNING] Agent clinicalCopilotAgent not found @ http://localhost:3000/_next/static/chunks/189f2_next_dist_5c5e791c._.js:2297
[  -41464ms] [WARNING] Agent clinicalCopilotAgent not found @ http://localhost:3000/_next/static/chunks/189f2_next_dist_5c5e791c._.js:2297
[  -41464ms] [WARNING] Agent clinicalCopilotAgent not found @ http://localhost:3000/_next/static/chunks/189f2_next_dist_5c5e791c._.js:2297
[  -41199ms] [WARNING] Agent clinicalCopilotAgent not found @ http://localhost:3000/_next/static/chunks/189f2_next_dist_5c5e791c._.js:2297
[  -41199ms] [WARNING] Agent clinicalCopilotAgent not found @ http://localhost:3000/_next/static/chunks/189f2_next_dist_5c5e791c._.js:2297
[  -41199ms] [WARNING] Agent clinicalCopilotAgent not found @ http://localhost:3000/_next/static/chunks/189f2_next_dist_5c5e791c._.js:2297
[  -41052ms] [WARNING] Agent clinicalCopilotAgent not found @ http://localhost:3000/_next/static/chunks/189f2_next_dist_5c5e791c._.js:2297
[  -41052ms] [WARNING] Agent clinicalCopilotAgent not found @ http://localhost:3000/_next/static/chunks/189f2_next_dist_5c5e791c._.js:2297
[  -41051ms] [WARNING] Agent clinicalCopilotAgent not found @ http://localhost:3000/_next/static/chunks/189f2_next_dist_5c5e791c._.js:2297
[  -40983ms] [WARNING] Agent clinicalCopilotAgent not found @ http://localhost:3000/_next/static/chunks/189f2_next_dist_5c5e791c._.js:2297
[  -40982ms] [WARNING] Agent clinicalCopilotAgent not found @ http://localhost:3000/_next/static/chunks/189f2_next_dist_5c5e791c._.js:2297
[  -40982ms] [WARNING] Agent clinicalCopilotAgent not found @ http://localhost:3000/_next/static/chunks/189f2_next_dist_5c5e791c._.js:2297
[  -40848ms] [WARNING] Agent clinicalCopilotAgent not found @ http://localhost:3000/_next/static/chunks/189f2_next_dist_5c5e791c._.js:2297
[  -40848ms] [WARNING] Agent clinicalCopilotAgent not found @ http://localhost:3000/_next/static/chunks/189f2_next_dist_5c5e791c._.js:2297
[  -40848ms] [WARNING] Agent clinicalCopilotAgent not found @ http://localhost:3000/_next/static/chunks/189f2_next_dist_5c5e791c._.js:2297
[  -40717ms] [WARNING] Agent clinicalCopilotAgent not found @ http://localhost:3000/_next/static/chunks/189f2_next_dist_5c5e791c._.js:2297
[  -40717ms] [WARNING] Agent clinicalCopilotAgent not found @ http://localhost:3000/_next/static/chunks/189f2_next_dist_5c5e791c._.js:2297
[  -40717ms] [WARNING] Agent clinicalCopilotAgent not found @ http://localhost:3000/_next/static/chunks/189f2_next_dist_5c5e791c._.js:2297
[  -40586ms] [WARNING] Agent clinicalCopilotAgent not found @ http://localhost:3000/_next/static/chunks/189f2_next_dist_5c5e791c._.js:2297
[  -40586ms] [WARNING] Agent clinicalCopilotAgent not found @ http://localhost:3000/_next/static/chunks/189f2_next_dist_5c5e791c._.js:2297
[  -40586ms] [WARNING] Agent clinicalCopilotAgent not found @ http://localhost:3000/_next/static/chunks/189f2_next_dist_5c5e791c._.js:2297
[  -40377ms] [WARNING] Agent clinicalCopilotAgent not found @ http://localhost:3000/_next/static/chunks/189f2_next_dist_5c5e791c._.js:2297
[  -40377ms] [WARNING] Agent clinicalCopilotAgent not found @ http://localhost:3000/_next/static/chunks/189f2_next_dist_5c5e791c._.js:2297
[  -40377ms] [WARNING] Agent clinicalCopilotAgent not found @ http://localhost:3000/_next/static/chunks/189f2_next_dist_5c5e791c._.js:2297
[  -39921ms] [WARNING] Agent clinicalCopilotAgent not found @ http://localhost:3000/_next/static/chunks/189f2_next_dist_5c5e791c._.js:2297
[  -39921ms] [WARNING] Agent clinicalCopilotAgent not found @ http://localhost:3000/_next/static/chunks/189f2_next_dist_5c5e791c._.js:2297
[  -39921ms] [WARNING] Agent clinicalCopilotAgent not found @ http://localhost:3000/_next/static/chunks/189f2_next_dist_5c5e791c._.js:2297
[  -39795ms] [WARNING] Agent clinicalCopilotAgent not found @ http://localhost:3000/_next/static/chunks/189f2_next_dist_5c5e791c._.js:2297
[  -39795ms] [WARNING] Agent clinicalCopilotAgent not found @ http://localhost:3000/_next/static/chunks/189f2_next_dist_5c5e791c._.js:2297
[  -39794ms] [WARNING] Agent clinicalCopilotAgent not found @ http://localhost:3000/_next/static/chunks/189f2_next_dist_5c5e791c._.js:2297
[  -39657ms] [WARNING] Agent clinicalCopilotAgent not found @ http://localhost:3000/_next/static/chunks/189f2_next_dist_5c5e791c._.js:2297
[  -39657ms] [WARNING] Agent clinicalCopilotAgent not found @ http://localhost:3000/_next/static/chunks/189f2_next_dist_5c5e791c._.js:2297
[  -39656ms] [WARNING] Agent clinicalCopilotAgent not found @ http://localhost:3000/_next/static/chunks/189f2_next_dist_5c5e791c._.js:2297
[  -39457ms] [WARNING] Agent clinicalCopilotAgent not found @ http://localhost:3000/_next/static/chunks/189f2_next_dist_5c5e791c._.js:2297
[  -39457ms] [WARNING] Agent clinicalCopilotAgent not found @ http://localhost:3000/_next/static/chunks/189f2_next_dist_5c5e791c._.js:2297
[  -39457ms] [WARNING] Agent clinicalCopilotAgent not found @ http://localhost:3000/_next/static/chunks/189f2_next_dist_5c5e791c._.js:2297
[  -39326ms] [WARNING] Agent clinicalCopilotAgent not found @ http://localhost:3000/_next/static/chunks/189f2_next_dist_5c5e791c._.js:2297
[  -39326ms] [WARNING] Agent clinicalCopilotAgent not found @ http://localhost:3000/_next/static/chunks/189f2_next_dist_5c5e791c._.js:2297
[  -39326ms] [WARNING] Agent clinicalCopilotAgent not found @ http://localhost:3000/_next/static/chunks/189f2_next_dist_5c5e791c._.js:2297
[  -39028ms] [WARNING] Agent clinicalCopilotAgent not found @ http://localhost:3000/_next/static/chunks/189f2_next_dist_5c5e791c._.js:2297
[  -39028ms] [WARNING] Agent clinicalCopilotAgent not found @ http://localhost:3000/_next/static/chunks/189f2_next_dist_5c5e791c._.js:2297
[  -39028ms] [WARNING] Agent clinicalCopilotAgent not found @ http://localhost:3000/_next/static/chunks/189f2_next_dist_5c5e791c._.js:2297
[  -38888ms] [WARNING] Agent clinicalCopilotAgent not found @ http://localhost:3000/_next/static/chunks/189f2_next_dist_5c5e791c._.js:2297
[  -38888ms] [WARNING] Agent clinicalCopilotAgent not found @ http://localhost:3000/_next/static/chunks/189f2_next_dist_5c5e791c._.js:2297
[  -38887ms] [WARNING] Agent clinicalCopilotAgent not found @ http://localhost:3000/_next/static/chunks/189f2_next_dist_5c5e791c._.js:2297
[  -38716ms] [WARNING] Agent clinicalCopilotAgent not found @ http://localhost:3000/_next/static/chunks/189f2_next_dist_5c5e791c._.js:2297
[  -38716ms] [WARNING] Agent clinicalCopilotAgent not found @ http://localhost:3000/_next/static/chunks/189f2_next_dist_5c5e791c._.js:2297
[  -38715ms] [WARNING] Agent clinicalCopilotAgent not found @ http://localhost:3000/_next/static/chunks/189f2_next_dist_5c5e791c._.js:2297
[  -38582ms] [WARNING] Agent clinicalCopilotAgent not found @ http://localhost:3000/_next/static/chunks/189f2_next_dist_5c5e791c._.js:2297
[  -38582ms] [WARNING] Agent clinicalCopilotAgent not found @ http://localhost:3000/_next/static/chunks/189f2_next_dist_5c5e791c._.js:2297
[  -38582ms] [WARNING] Agent clinicalCopilotAgent not found @ http://localhost:3000/_next/static/chunks/189f2_next_dist_5c5e791c._.js:2297
[  -38014ms] [WARNING] Agent clinicalCopilotAgent not found @ http://localhost:3000/_next/static/chunks/189f2_next_dist_5c5e791c._.js:2297
[  -38014ms] [WARNING] Agent clinicalCopilotAgent not found @ http://localhost:3000/_next/static/chunks/189f2_next_dist_5c5e791c._.js:2297
[  -38013ms] [WARNING] Agent clinicalCopilotAgent not found @ http://localhost:3000/_next/static/chunks/189f2_next_dist_5c5e791c._.js:2297
[  -37796ms] [WARNING] Agent clinicalCopilotAgent not found @ http://localhost:3000/_next/static/chunks/189f2_next_dist_5c5e791c._.js:2297
[  -37796ms] [WARNING] Agent clinicalCopilotAgent not found @ http://localhost:3000/_next/static/chunks/189f2_next_dist_5c5e791c._.js:2297
[  -37796ms] [WARNING] Agent clinicalCopilotAgent not found @ http://localhost:3000/_next/static/chunks/189f2_next_dist_5c5e791c._.js:2297
[  -37695ms] [WARNING] Agent clinicalCopilotAgent not found @ http://localhost:3000/_next/static/chunks/189f2_next_dist_5c5e791c._.js:2297
[  -37694ms] [WARNING] Agent clinicalCopilotAgent not found @ http://localhost:3000/_next/static/chunks/189f2_next_dist_5c5e791c._.js:2297
[  -37694ms] [WARNING] Agent clinicalCopilotAgent not found @ http://localhost:3000/_next/static/chunks/189f2_next_dist_5c5e791c._.js:2297
[  -37618ms] [WARNING] Agent clinicalCopilotAgent not found @ http://localhost:3000/_next/static/chunks/189f2_next_dist_5c5e791c._.js:2297
[  -37618ms] [WARNING] Agent clinicalCopilotAgent not found @ http://localhost:3000/_next/static/chunks/189f2_next_dist_5c5e791c._.js:2297
[  -37617ms] [WARNING] Agent clinicalCopilotAgent not found @ http://localhost:3000/_next/static/chunks/189f2_next_dist_5c5e791c._.js:2297
[  -37455ms] [WARNING] Agent clinicalCopilotAgent not found @ http://localhost:3000/_next/static/chunks/189f2_next_dist_5c5e791c._.js:2297
[  -37455ms] [WARNING] Agent clinicalCopilotAgent not found @ http://localhost:3000/_next/static/chunks/189f2_next_dist_5c5e791c._.js:2297
[  -37455ms] [WARNING] Agent clinicalCopilotAgent not found @ http://localhost:3000/_next/static/chunks/189f2_next_dist_5c5e791c._.js:2297
[  -37365ms] [WARNING] Agent clinicalCopilotAgent not found @ http://localhost:3000/_next/static/chunks/189f2_next_dist_5c5e791c._.js:2297
[  -37365ms] [WARNING] Agent clinicalCopilotAgent not found @ http://localhost:3000/_next/static/chunks/189f2_next_dist_5c5e791c._.js:2297
[  -37364ms] [WARNING] Agent clinicalCopilotAgent not found @ http://localhost:3000/_next/static/chunks/189f2_next_dist_5c5e791c._.js:2297
[  -36811ms] [WARNING] Agent clinicalCopilotAgent not found @ http://localhost:3000/_next/static/chunks/189f2_next_dist_5c5e791c._.js:2297
[  -36811ms] [WARNING] Agent clinicalCopilotAgent not found @ http://localhost:3000/_next/static/chunks/189f2_next_dist_5c5e791c._.js:2297
[  -36811ms] [WARNING] Agent clinicalCopilotAgent not found @ http://localhost:3000/_next/static/chunks/189f2_next_dist_5c5e791c._.js:2297
[  -36428ms] [WARNING] Agent clinicalCopilotAgent not found @ http://localhost:3000/_next/static/chunks/189f2_next_dist_5c5e791c._.js:2297
[  -36427ms] [WARNING] Agent clinicalCopilotAgent not found @ http://localhost:3000/_next/static/chunks/189f2_next_dist_5c5e791c._.js:2297
[  -36427ms] [WARNING] Agent clinicalCopilotAgent not found @ http://localhost:3000/_next/static/chunks/189f2_next_dist_5c5e791c._.js:2297
[  -36133ms] [WARNING] Agent clinicalCopilotAgent not found @ http://localhost:3000/_next/static/chunks/189f2_next_dist_5c5e791c._.js:2297
[  -36132ms] [WARNING] Agent clinicalCopilotAgent not found @ http://localhost:3000/_next/static/chunks/189f2_next_dist_5c5e791c._.js:2297
[  -36132ms] [WARNING] Agent clinicalCopilotAgent not found @ http://localhost:3000/_next/static/chunks/189f2_next_dist_5c5e791c._.js:2297
[  -35964ms] [WARNING] Agent clinicalCopilotAgent not found @ http://localhost:3000/_next/static/chunks/189f2_next_dist_5c5e791c._.js:2297
[  -35963ms] [WARNING] Agent clinicalCopilotAgent not found @ http://localhost:3000/_next/static/chunks/189f2_next_dist_5c5e791c._.js:2297
[  -35963ms] [WARNING] Agent clinicalCopilotAgent not found @ http://localhost:3000/_next/static/chunks/189f2_next_dist_5c5e791c._.js:2297
[  -35716ms] [WARNING] Agent clinicalCopilotAgent not found @ http://localhost:3000/_next/static/chunks/189f2_next_dist_5c5e791c._.js:2297
[  -35716ms] [WARNING] Agent clinicalCopilotAgent not found @ http://localhost:3000/_next/static/chunks/189f2_next_dist_5c5e791c._.js:2297
[  -35715ms] [WARNING] Agent clinicalCopilotAgent not found @ http://localhost:3000/_next/static/chunks/189f2_next_dist_5c5e791c._.js:2297
[  -35639ms] [WARNING] Agent clinicalCopilotAgent not found @ http://localhost:3000/_next/static/chunks/189f2_next_dist_5c5e791c._.js:2297
[  -35639ms] [WARNING] Agent clinicalCopilotAgent not found @ http://localhost:3000/_next/static/chunks/189f2_next_dist_5c5e791c._.js:2297
[  -35639ms] [WARNING] Agent clinicalCopilotAgent not found @ http://localhost:3000/_next/static/chunks/189f2_next_dist_5c5e791c._.js:2297
[  -35410ms] [WARNING] Agent clinicalCopilotAgent not found @ http://localhost:3000/_next/static/chunks/189f2_next_dist_5c5e791c._.js:2297
[  -35410ms] [WARNING] Agent clinicalCopilotAgent not found @ http://localhost:3000/_next/static/chunks/189f2_next_dist_5c5e791c._.js:2297
[  -35410ms] [WARNING] Agent clinicalCopilotAgent not found @ http://localhost:3000/_next/static/chunks/189f2_next_dist_5c5e791c._.js:2297
[  -35191ms] [WARNING] Agent clinicalCopilotAgent not found @ http://localhost:3000/_next/static/chunks/189f2_next_dist_5c5e791c._.js:2297
[  -35191ms] [WARNING] Agent clinicalCopilotAgent not found @ http://localhost:3000/_next/static/chunks/189f2_next_dist_5c5e791c._.js:2297
[  -35191ms] [WARNING] Agent clinicalCopilotAgent not found @ http://localhost:3000/_next/static/chunks/189f2_next_dist_5c5e791c._.js:2297
[  -35049ms] [WARNING] Agent clinicalCopilotAgent not found @ http://localhost:3000/_next/static/chunks/189f2_next_dist_5c5e791c._.js:2297
[  -35049ms] [WARNING] Agent clinicalCopilotAgent not found @ http://localhost:3000/_next/static/chunks/189f2_next_dist_5c5e791c._.js:2297
[  -35049ms] [WARNING] Agent clinicalCopilotAgent not found @ http://localhost:3000/_next/static/chunks/189f2_next_dist_5c5e791c._.js:2297
[  -34305ms] [WARNING] Agent clinicalCopilotAgent not found @ http://localhost:3000/_next/static/chunks/189f2_next_dist_5c5e791c._.js:2297
[  -34305ms] [WARNING] Agent clinicalCopilotAgent not found @ http://localhost:3000/_next/static/chunks/189f2_next_dist_5c5e791c._.js:2297
[  -34304ms] [WARNING] Agent clinicalCopilotAgent not found @ http://localhost:3000/_next/static/chunks/189f2_next_dist_5c5e791c._.js:2297
[  -34105ms] [WARNING] Agent clinicalCopilotAgent not found @ http://localhost:3000/_next/static/chunks/189f2_next_dist_5c5e791c._.js:2297
[  -34105ms] [WARNING] Agent clinicalCopilotAgent not found @ http://localhost:3000/_next/static/chunks/189f2_next_dist_5c5e791c._.js:2297
[  -34105ms] [WARNING] Agent clinicalCopilotAgent not found @ http://localhost:3000/_next/static/chunks/189f2_next_dist_5c5e791c._.js:2297
[  -33944ms] [WARNING] Agent clinicalCopilotAgent not found @ http://localhost:3000/_next/static/chunks/189f2_next_dist_5c5e791c._.js:2297
[  -33944ms] [WARNING] Agent clinicalCopilotAgent not found @ http://localhost:3000/_next/static/chunks/189f2_next_dist_5c5e791c._.js:2297
[  -33944ms] [WARNING] Agent clinicalCopilotAgent not found @ http://localhost:3000/_next/static/chunks/189f2_next_dist_5c5e791c._.js:2297
[  -33869ms] [WARNING] Agent clinicalCopilotAgent not found @ http://localhost:3000/_next/static/chunks/189f2_next_dist_5c5e791c._.js:2297
[  -33869ms] [WARNING] Agent clinicalCopilotAgent not found @ http://localhost:3000/_next/static/chunks/189f2_next_dist_5c5e791c._.js:2297
[  -33868ms] [WARNING] Agent clinicalCopilotAgent not found @ http://localhost:3000/_next/static/chunks/189f2_next_dist_5c5e791c._.js:2297
[  -33727ms] [WARNING] Agent clinicalCopilotAgent not found @ http://localhost:3000/_next/static/chunks/189f2_next_dist_5c5e791c._.js:2297
[  -33727ms] [WARNING] Agent clinicalCopilotAgent not found @ http://localhost:3000/_next/static/chunks/189f2_next_dist_5c5e791c._.js:2297
[  -33726ms] [WARNING] Agent clinicalCopilotAgent not found @ http://localhost:3000/_next/static/chunks/189f2_next_dist_5c5e791c._.js:2297
[  -32597ms] [WARNING] Agent clinicalCopilotAgent not found @ http://localhost:3000/_next/static/chunks/189f2_next_dist_5c5e791c._.js:2297
[  -32596ms] [WARNING] Agent clinicalCopilotAgent not found @ http://localhost:3000/_next/static/chunks/189f2_next_dist_5c5e791c._.js:2297
[  -32596ms] [WARNING] Agent clinicalCopilotAgent not found @ http://localhost:3000/_next/static/chunks/189f2_next_dist_5c5e791c._.js:2297
[  -32386ms] [WARNING] Agent clinicalCopilotAgent not found @ http://localhost:3000/_next/static/chunks/189f2_next_dist_5c5e791c._.js:2297
[  -32386ms] [WARNING] Agent clinicalCopilotAgent not found @ http://localhost:3000/_next/static/chunks/189f2_next_dist_5c5e791c._.js:2297
[  -32385ms] [WARNING] Agent clinicalCopilotAgent not found @ http://localhost:3000/_next/static/chunks/189f2_next_dist_5c5e791c._.js:2297
[  -32321ms] [WARNING] Agent clinicalCopilotAgent not found @ http://localhost:3000/_next/static/chunks/189f2_next_dist_5c5e791c._.js:2297
[  -32321ms] [WARNING] Agent clinicalCopilotAgent not found @ http://localhost:3000/_next/static/chunks/189f2_next_dist_5c5e791c._.js:2297
[  -32321ms] [WARNING] Agent clinicalCopilotAgent not found @ http://localhost:3000/_next/static/chunks/189f2_next_dist_5c5e791c._.js:2297
[  -32190ms] [WARNING] Agent clinicalCopilotAgent not found @ http://localhost:3000/_next/static/chunks/189f2_next_dist_5c5e791c._.js:2297
[  -32190ms] [WARNING] Agent clinicalCopilotAgent not found @ http://localhost:3000/_next/static/chunks/189f2_next_dist_5c5e791c._.js:2297
[  -32189ms] [WARNING] Agent clinicalCopilotAgent not found @ http://localhost:3000/_next/static/chunks/189f2_next_dist_5c5e791c._.js:2297
[  -31993ms] [WARNING] Agent clinicalCopilotAgent not found @ http://localhost:3000/_next/static/chunks/189f2_next_dist_5c5e791c._.js:2297
[  -31993ms] [WARNING] Agent clinicalCopilotAgent not found @ http://localhost:3000/_next/static/chunks/189f2_next_dist_5c5e791c._.js:2297
[  -31993ms] [WARNING] Agent clinicalCopilotAgent not found @ http://localhost:3000/_next/static/chunks/189f2_next_dist_5c5e791c._.js:2297
[  -31862ms] [WARNING] Agent clinicalCopilotAgent not found @ http://localhost:3000/_next/static/chunks/189f2_next_dist_5c5e791c._.js:2297
[  -31862ms] [WARNING] Agent clinicalCopilotAgent not found @ http://localhost:3000/_next/static/chunks/189f2_next_dist_5c5e791c._.js:2297
[  -31862ms] [WARNING] Agent clinicalCopilotAgent not found @ http://localhost:3000/_next/static/chunks/189f2_next_dist_5c5e791c._.js:2297
[  -31534ms] [WARNING] Agent clinicalCopilotAgent not found @ http://localhost:3000/_next/static/chunks/189f2_next_dist_5c5e791c._.js:2297
[  -31534ms] [WARNING] Agent clinicalCopilotAgent not found @ http://localhost:3000/_next/static/chunks/189f2_next_dist_5c5e791c._.js:2297
[  -31533ms] [WARNING] Agent clinicalCopilotAgent not found @ http://localhost:3000/_next/static/chunks/189f2_next_dist_5c5e791c._.js:2297
[  -31182ms] [WARNING] Agent clinicalCopilotAgent not found @ http://localhost:3000/_next/static/chunks/189f2_next_dist_5c5e791c._.js:2297
[  -31182ms] [WARNING] Agent clinicalCopilotAgent not found @ http://localhost:3000/_next/static/chunks/189f2_next_dist_5c5e791c._.js:2297
[  -31181ms] [WARNING] Agent clinicalCopilotAgent not found @ http://localhost:3000/_next/static/chunks/189f2_next_dist_5c5e791c._.js:2297
[  -29357ms] [WARNING] Agent clinicalCopilotAgent not found @ http://localhost:3000/_next/static/chunks/189f2_next_dist_5c5e791c._.js:2297
[  -29357ms] [WARNING] Agent clinicalCopilotAgent not found @ http://localhost:3000/_next/static/chunks/189f2_next_dist_5c5e791c._.js:2297
[  -29356ms] [WARNING] Agent clinicalCopilotAgent not found @ http://localhost:3000/_next/static/chunks/189f2_next_dist_5c5e791c._.js:2297
[  -28308ms] [WARNING] Agent clinicalCopilotAgent not found @ http://localhost:3000/_next/static/chunks/189f2_next_dist_5c5e791c._.js:2297
[  -28308ms] [WARNING] Agent clinicalCopilotAgent not found @ http://localhost:3000/_next/static/chunks/189f2_next_dist_5c5e791c._.js:2297
[  -28308ms] [WARNING] Agent clinicalCopilotAgent not found @ http://localhost:3000/_next/static/chunks/189f2_next_dist_5c5e791c._.js:2297
[  -28116ms] [WARNING] Agent clinicalCopilotAgent not found @ http://localhost:3000/_next/static/chunks/189f2_next_dist_5c5e791c._.js:2297
[  -28116ms] [WARNING] Agent clinicalCopilotAgent not found @ http://localhost:3000/_next/static/chunks/189f2_next_dist_5c5e791c._.js:2297
[  -28115ms] [WARNING] Agent clinicalCopilotAgent not found @ http://localhost:3000/_next/static/chunks/189f2_next_dist_5c5e791c._.js:2297
[  -27920ms] [WARNING] Agent clinicalCopilotAgent not found @ http://localhost:3000/_next/static/chunks/189f2_next_dist_5c5e791c._.js:2297
[  -27920ms] [WARNING] Agent clinicalCopilotAgent not found @ http://localhost:3000/_next/static/chunks/189f2_next_dist_5c5e791c._.js:2297
[  -27920ms] [WARNING] Agent clinicalCopilotAgent not found @ http://localhost:3000/_next/static/chunks/189f2_next_dist_5c5e791c._.js:2297
[  -27918ms] [WARNING] Agent clinicalCopilotAgent not found @ http://localhost:3000/_next/static/chunks/189f2_next_dist_5c5e791c._.js:2297
[  -27918ms] [WARNING] Agent clinicalCopilotAgent not found @ http://localhost:3000/_next/static/chunks/189f2_next_dist_5c5e791c._.js:2297
[  -27918ms] [WARNING] Agent clinicalCopilotAgent not found @ http://localhost:3000/_next/static/chunks/189f2_next_dist_5c5e791c._.js:2297
[  -27790ms] [WARNING] Agent clinicalCopilotAgent not found @ http://localhost:3000/_next/static/chunks/189f2_next_dist_5c5e791c._.js:2297
[  -27790ms] [WARNING] Agent clinicalCopilotAgent not found @ http://localhost:3000/_next/static/chunks/189f2_next_dist_5c5e791c._.js:2297
[  -27790ms] [WARNING] Agent clinicalCopilotAgent not found @ http://localhost:3000/_next/static/chunks/189f2_next_dist_5c5e791c._.js:2297
[  -27517ms] [WARNING] Agent clinicalCopilotAgent not found @ http://localhost:3000/_next/static/chunks/189f2_next_dist_5c5e791c._.js:2297
[  -27517ms] [WARNING] Agent clinicalCopilotAgent not found @ http://localhost:3000/_next/static/chunks/189f2_next_dist_5c5e791c._.js:2297
[  -27517ms] [WARNING] Agent clinicalCopilotAgent not found @ http://localhost:3000/_next/static/chunks/189f2_next_dist_5c5e791c._.js:2297
[  -27480ms] [WARNING] Agent clinicalCopilotAgent not found @ http://localhost:3000/_next/static/chunks/189f2_next_dist_5c5e791c._.js:2297
[  -27480ms] [WARNING] Agent clinicalCopilotAgent not found @ http://localhost:3000/_next/static/chunks/189f2_next_dist_5c5e791c._.js:2297
[  -27480ms] [WARNING] Agent clinicalCopilotAgent not found @ http://localhost:3000/_next/static/chunks/189f2_next_dist_5c5e791c._.js:2297
[  -27251ms] [WARNING] Agent clinicalCopilotAgent not found @ http://localhost:3000/_next/static/chunks/189f2_next_dist_5c5e791c._.js:2297
[  -27251ms] [WARNING] Agent clinicalCopilotAgent not found @ http://localhost:3000/_next/static/chunks/189f2_next_dist_5c5e791c._.js:2297
[  -27250ms] [WARNING] Agent clinicalCopilotAgent not found @ http://localhost:3000/_next/static/chunks/189f2_next_dist_5c5e791c._.js:2297
[  -27119ms] [WARNING] Agent clinicalCopilotAgent not found @ http://localhost:3000/_next/static/chunks/189f2_next_dist_5c5e791c._.js:2297
[  -27119ms] [WARNING] Agent clinicalCopilotAgent not found @ http://localhost:3000/_next/static/chunks/189f2_next_dist_5c5e791c._.js:2297
[  -27119ms] [WARNING] Agent clinicalCopilotAgent not found @ http://localhost:3000/_next/static/chunks/189f2_next_dist_5c5e791c._.js:2297
[  -26989ms] [WARNING] Agent clinicalCopilotAgent not found @ http://localhost:3000/_next/static/chunks/189f2_next_dist_5c5e791c._.js:2297
[  -26989ms] [WARNING] Agent clinicalCopilotAgent not found @ http://localhost:3000/_next/static/chunks/189f2_next_dist_5c5e791c._.js:2297
[  -26988ms] [WARNING] Agent clinicalCopilotAgent not found @ http://localhost:3000/_next/static/chunks/189f2_next_dist_5c5e791c._.js:2297
[  -26851ms] [WARNING] Agent clinicalCopilotAgent not found @ http://localhost:3000/_next/static/chunks/189f2_next_dist_5c5e791c._.js:2297
[  -26851ms] [WARNING] Agent clinicalCopilotAgent not found @ http://localhost:3000/_next/static/chunks/189f2_next_dist_5c5e791c._.js:2297
[  -26851ms] [WARNING] Agent clinicalCopilotAgent not found @ http://localhost:3000/_next/static/chunks/189f2_next_dist_5c5e791c._.js:2297
[  -26633ms] [WARNING] Agent clinicalCopilotAgent not found @ http://localhost:3000/_next/static/chunks/189f2_next_dist_5c5e791c._.js:2297
[  -26632ms] [WARNING] Agent clinicalCopilotAgent not found @ http://localhost:3000/_next/static/chunks/189f2_next_dist_5c5e791c._.js:2297
[  -26632ms] [WARNING] Agent clinicalCopilotAgent not found @ http://localhost:3000/_next/static/chunks/189f2_next_dist_5c5e791c._.js:2297
[  -26632ms] [WARNING] Agent clinicalCopilotAgent not found @ http://localhost:3000/_next/static/chunks/189f2_next_dist_5c5e791c._.js:2297
[  -26632ms] [WARNING] Agent clinicalCopilotAgent not found @ http://localhost:3000/_next/static/chunks/189f2_next_dist_5c5e791c._.js:2297
[  -26631ms] [WARNING] Agent clinicalCopilotAgent not found @ http://localhost:3000/_next/static/chunks/189f2_next_dist_5c5e791c._.js:2297
[  -26627ms] [WARNING] Agent clinicalCopilotAgent not found @ http://localhost:3000/_next/static/chunks/189f2_next_dist_5c5e791c._.js:2297
[  -26627ms] [WARNING] Agent clinicalCopilotAgent not found @ http://localhost:3000/_next/static/chunks/189f2_next_dist_5c5e791c._.js:2297
[  -26626ms] [WARNING] Agent clinicalCopilotAgent not found @ http://localhost:3000/_next/static/chunks/189f2_next_dist_5c5e791c._.js:2297
[  -26624ms] [WARNING] Agent clinicalCopilotAgent not found @ http://localhost:3000/_next/static/chunks/189f2_next_dist_5c5e791c._.js:2297
[  -26624ms] [WARNING] Agent clinicalCopilotAgent not found @ http://localhost:3000/_next/static/chunks/189f2_next_dist_5c5e791c._.js:2297
[  -26624ms] [WARNING] Agent clinicalCopilotAgent not found @ http://localhost:3000/_next/static/chunks/189f2_next_dist_5c5e791c._.js:2297
[  -26623ms] [WARNING] Agent clinicalCopilotAgent not found @ http://localhost:3000/_next/static/chunks/189f2_next_dist_5c5e791c._.js:2297
[  -26623ms] [WARNING] Agent clinicalCopilotAgent not found @ http://localhost:3000/_next/static/chunks/189f2_next_dist_5c5e791c._.js:2297
[  -26623ms] [WARNING] Agent clinicalCopilotAgent not found @ http://localhost:3000/_next/static/chunks/189f2_next_dist_5c5e791c._.js:2297
[  -26621ms] [WARNING] Agent clinicalCopilotAgent not found @ http://localhost:3000/_next/static/chunks/189f2_next_dist_5c5e791c._.js:2297
[  -26621ms] [WARNING] Agent clinicalCopilotAgent not found @ http://localhost:3000/_next/static/chunks/189f2_next_dist_5c5e791c._.js:2297
[  -26620ms] [WARNING] Agent clinicalCopilotAgent not found @ http://localhost:3000/_next/static/chunks/189f2_next_dist_5c5e791c._.js:2297
[   23832ms] [ERROR] Failed to load resource: net::ERR_CONNECTION_TIMED_OUT @ http://localhost:3000/api/copilotkit:0
[   23843ms] [ERROR] Agent execution failed: TypeError: Failed to fetch
    at http://localhost:3000/_next/static/chunks/89bd6_%40ag-ui_client_dist_index_mjs_27ce17c7._.js:717:489
    at Observable._subscribe (http://localhost:3000/_next/static/chunks/4de3b_rxjs_dist_esm5_internal_36540870._.js:1474:251)
    at Observable._trySubscribe (http://localhost:3000/_next/static/chunks/4de3b_rxjs_dist_esm5_internal_36540870._.js:669:25)
    at http://localhost:3000/_next/static/chunks/4de3b_rxjs_dist_esm5_internal_36540870._.js:663:121
    at errorContext (http://localhost:3000/_next/static/chunks/4de3b_rxjs_dist_esm5_internal_36540870._.js:366:9)
    at Observable.subscribe (http://localhost:3000/_next/static/chunks/4de3b_rxjs_dist_esm5_internal_36540870._.js:661:250)
    at http://localhost:3000/_next/static/chunks/4de3b_rxjs_dist_esm5_internal_36540870._.js:2287:16
    at SafeSubscriber.<anonymous> (http://localhost:3000/_next/static/chunks/4de3b_rxjs_dist_esm5_internal_36540870._.js:1497:28)
    at http://localhost:3000/_next/static/chunks/4de3b_rxjs_dist_esm5_internal_36540870._.js:663:48
    at errorContext (http://localhost:3000/_next/static/chunks/4de3b_rxjs_dist_esm5_internal_36540870._.js:366:9)
    at Observable.subscribe (http://localhost:3000/_next/static/chunks/4de3b_rxjs_dist_esm5_internal_36540870._.js:661:250)
    at L (http://localhost:3000/_next/static/chunks/89bd6_%40ag-ui_client_dist_index_mjs_27ce17c7._.js:824:14)
    at ProxiedCopilotRuntimeAgent.run (http://localhost:3000/_next/static/chunks/node_modules__pnpm_19343917._.js:21005:311)
    at http://localhost:3000/_next/static/chunks/89bd6_%40ag-ui_client_dist_index_mjs_27ce17c7._.js:1572:526
    at http://localhost:3000/_next/static/chunks/4de3b_rxjs_dist_esm5_internal_36540870._.js:620:20
    at Array.reduce (<anonymous>)
    at piped (http://localhost:3000/_next/static/chunks/4de3b_rxjs_dist_esm5_internal_36540870._.js:619:20)
    at ProxiedCopilotRuntimeAgent.runAgent (http://localhost:3000/_next/static/chunks/89bd6_%40ag-ui_client_dist_index_mjs_27ce17c7._.js:1582:16)
    at async RunHandler.runAgent (http://localhost:3000/_next/static/chunks/node_modules__pnpm_19343917._.js:21730:36)
    at async useCopilotChatInternal.useAsyncCallback[latestSendMessageFunc] (http://localhost:3000/_next/static/chunks/9d83e_%40copilotkit_react-core_dist_index_mjs_f2be57aa._.js:2773:17)
    at async useAsyncCallback.useCallback (http://localhost:3000/_next/static/chunks/9d83e_%40copilotkit_react-core_dist_index_mjs_f2be57aa._.js:1257:24) @ http://localhost:3000/_next/static/chunks/189f2_next_dist_5c5e791c._.js:3127
[   23855ms] [WARNING] Agent clinicalCopilotAgent not found @ http://localhost:3000/_next/static/chunks/189f2_next_dist_5c5e791c._.js:2297
[   23855ms] [WARNING] Agent clinicalCopilotAgent not found @ http://localhost:3000/_next/static/chunks/189f2_next_dist_5c5e791c._.js:2297
[   23856ms] [WARNING] Agent clinicalCopilotAgent not found @ http://localhost:3000/_next/static/chunks/189f2_next_dist_5c5e791c._.js:2297
[   23857ms] [WARNING] Agent clinicalCopilotAgent not found @ http://localhost:3000/_next/static/chunks/189f2_next_dist_5c5e791c._.js:2297
[   23857ms] [WARNING] Agent clinicalCopilotAgent not found @ http://localhost:3000/_next/static/chunks/189f2_next_dist_5c5e791c._.js:2297
[   23858ms] [WARNING] Agent clinicalCopilotAgent not found @ http://localhost:3000/_next/static/chunks/189f2_next_dist_5c5e791c._.js:2297
[   23865ms] [WARNING] Agent clinicalCopilotAgent not found @ http://localhost:3000/_next/static/chunks/189f2_next_dist_5c5e791c._.js:2297
[   23865ms] [WARNING] Agent clinicalCopilotAgent not found @ http://localhost:3000/_next/static/chunks/189f2_next_dist_5c5e791c._.js:2297
[   23866ms] [WARNING] Agent clinicalCopilotAgent not found @ http://localhost:3000/_next/static/chunks/189f2_next_dist_5c5e791c._.js:2297
[   71000ms] [ERROR] Failed to load resource: net::ERR_CONNECTION_TIMED_OUT @ http://localhost:3000/__nextjs_original-stack-frames:0
[   71008ms] [ERROR] Failed to load resource: net::ERR_INCOMPLETE_CHUNKED_ENCODING @ http://localhost:3000/_next/static/chunks/node_modules__pnpm_8b24ebe5._.js:0
[   71009ms] [ERROR] Failed to load resource: net::ERR_INCOMPLETE_CHUNKED_ENCODING @ http://localhost:3000/_next/static/chunks/49062_lucide_dist_esm_iconsAndAliases_0ecdc86f.js:0
[   71011ms] [ERROR] Failed to load resource: net::ERR_INCOMPLETE_CHUNKED_ENCODING @ http://localhost:3000/_next/static/chunks/49062_lucide_dist_esm_icons_9c6f1e92._.js:0
[   72975ms] ChunkLoadError: Failed to load chunk /_next/static/chunks/node_modules__pnpm_8b24ebe5._.js from module [project]/node_modules/.pnpm/@copilotkitnext+web-inspector@1.53.0/node_modules/@copilotkitnext/web-inspector/dist/index.mjs [app-client] (ecmascript, async loader)
    at http://localhost:3000/_next/static/chunks/turbopack-_e699c726._.js:656:25
[   72975ms] ChunkLoadError: Failed to load chunk /_next/static/chunks/node_modules__pnpm_8b24ebe5._.js from module [project]/node_modules/.pnpm/@copilotkitnext+web-inspector@1.53.0/node_modules/@copilotkitnext/web-inspector/dist/index.mjs [app-client] (ecmascript, async loader)
    at http://localhost:3000/_next/static/chunks/turbopack-_e699c726._.js:656:25
[   93710ms] ChunkLoadError: Failed to load chunk /_next/static/chunks/node_modules__pnpm_19343917._.js from module [project]/node_modules/.pnpm/next@16.1.6_@babel+core@7.29.0_@opentelemetry+api@1.9.0_@playwright+test@1.58.2_react-d_92e089280fbb2cb51d985b7d6387c615/node_modules/next/dist/compiled/react-server-dom-turbopack/cjs/react-server-dom-turbopack-client.browser.development.js [app-client] (ecmascript)
    at http://localhost:3000/_next/static/chunks/turbopack-_e699c726._.js:656:25
[   96575ms] [WARNING] The resource https://able-mammal-66.clerk.accounts.dev/npm/@clerk/ui@1/dist/ui.browser.js was preloaded using link preload but not used within a few seconds from the window's load event. Please make sure it has an appropriate `as` value and it is preloaded intentionally. @ http://localhost:3000/dashboard:0
